{"uuid":"38ad1657-e2ca-45c9-b9d3-7cf8253faecf","historyId":"b635569598bb3cd07b29e3eda8ff3e78","testCaseId":"[engine:junit-jupiter]/[class:managerAuthentication.TestUserRepo]/[method:findByUsername_userNotFound()]","testCaseName":"findByUsername_userNotFound()","fullName":"managerAuthentication.TestUserRepo.findByUsername_userNotFound","labels":[{"name":"junit.platform.uniqueid","value":"[engine:junit-jupiter]/[class:managerAuthentication.TestUserRepo]/[method:findByUsername_userNotFound()]"},{"name":"host","value":"Peter"},{"name":"thread","value":"30132@Peter.main(3)"},{"name":"framework","value":"junit-platform"},{"name":"language","value":"java"},{"name":"package","value":"managerAuthentication.TestUserRepo"},{"name":"testClass","value":"managerAuthentication.TestUserRepo"},{"name":"testMethod","value":"findByUsername_userNotFound"},{"name":"suite","value":"managerAuthentication.TestUserRepo"}],"links":[],"name":"findByUsername_userNotFound()","status":"broken","statusDetails":{"known":false,"muted":false,"flaky":false,"message":"\nMockito cannot mock this class: class com.revature.repository.DatabaseConnection.\n\nIf you're not sure why you're getting this error, please open an issue on GitHub.\n\n\nJava               : 25\nJVM vendor name    : Oracle Corporation\nJVM vendor version : 25.0.1+8-LTS-27\nJVM name           : Java HotSpot(TM) 64-Bit Server VM\nJVM version        : 25.0.1+8-LTS-27\nJVM info           : mixed mode, sharing\nOS name            : Windows 11\nOS version         : 10.0\n\n\nYou are seeing this disclaimer because Mockito is configured to create inlined mocks.\nYou can learn about inline mocks and their limitations under item #39 of the Mockito class javadoc.\n\nUnderlying exception : org.mockito.exceptions.base.MockitoException: Could not modify all classes [class java.lang.Object, class com.revature.repository.DatabaseConnection]","trace":"org.mockito.exceptions.base.MockitoException: \nMockito cannot mock this class: class com.revature.repository.DatabaseConnection.\n\nIf you're not sure why you're getting this error, please open an issue on GitHub.\n\n\nJava               : 25\nJVM vendor name    : Oracle Corporation\nJVM vendor version : 25.0.1+8-LTS-27\nJVM name           : Java HotSpot(TM) 64-Bit Server VM\nJVM version        : 25.0.1+8-LTS-27\nJVM info           : mixed mode, sharing\nOS name            : Windows 11\nOS version         : 10.0\n\n\nYou are seeing this disclaimer because Mockito is configured to create inlined mocks.\nYou can learn about inline mocks and their limitations under item #39 of the Mockito class javadoc.\n\nUnderlying exception : org.mockito.exceptions.base.MockitoException: Could not modify all classes [class java.lang.Object, class com.revature.repository.DatabaseConnection]\r\n\tat org.mockito.junit.jupiter.MockitoExtension.beforeEach(MockitoExtension.java:159)\r\n\tat org.junit.jupiter.engine.descriptor.TestMethodTestDescriptor.lambda$invokeBeforeEachCallbacks$2(TestMethodTestDescriptor.java:167)\r\n\tat org.junit.jupiter.engine.descriptor.TestMethodTestDescriptor.lambda$invokeBeforeMethodsOrCallbacksUntilExceptionOccurs$6(TestMethodTestDescriptor.java:203)\r\n\tat org.junit.platform.engine.support.hierarchical.ThrowableCollector.execute(ThrowableCollector.java:73)\r\n\tat org.junit.jupiter.engine.descriptor.TestMethodTestDescriptor.invokeBeforeMethodsOrCallbacksUntilExceptionOccurs(TestMethodTestDescriptor.java:203)\r\n\tat org.junit.jupiter.engine.descriptor.TestMethodTestDescriptor.invokeBeforeEachCallbacks(TestMethodTestDescriptor.java:166)\r\n\tat org.junit.jupiter.engine.descriptor.TestMethodTestDescriptor.execute(TestMethodTestDescriptor.java:133)\r\n\tat org.junit.jupiter.engine.descriptor.TestMethodTestDescriptor.execute(TestMethodTestDescriptor.java:69)\r\n\tat org.junit.platform.engine.support.hierarchical.NodeTestTask.lambda$executeRecursively$6(NodeTestTask.java:151)\r\n\tat org.junit.platform.engine.support.hierarchical.ThrowableCollector.execute(ThrowableCollector.java:73)\r\n\tat org.junit.platform.engine.support.hierarchical.NodeTestTask.lambda$executeRecursively$8(NodeTestTask.java:141)\r\n\tat org.junit.platform.engine.support.hierarchical.Node.around(Node.java:137)\r\n\tat org.junit.platform.engine.support.hierarchical.NodeTestTask.lambda$executeRecursively$9(NodeTestTask.java:139)\r\n\tat org.junit.platform.engine.support.hierarchical.ThrowableCollector.execute(ThrowableCollector.java:73)\r\n\tat org.junit.platform.engine.support.hierarchical.NodeTestTask.executeRecursively(NodeTestTask.java:138)\r\n\tat org.junit.platform.engine.support.hierarchical.NodeTestTask.execute(NodeTestTask.java:95)\r\n\tat java.base/java.util.ArrayList.forEach(ArrayList.java:1604)\r\n\tat org.junit.platform.engine.support.hierarchical.SameThreadHierarchicalTestExecutorService.invokeAll(SameThreadHierarchicalTestExecutorService.java:41)\r\n\tat org.junit.platform.engine.support.hierarchical.NodeTestTask.lambda$executeRecursively$6(NodeTestTask.java:155)\r\n\tat org.junit.platform.engine.support.hierarchical.ThrowableCollector.execute(ThrowableCollector.java:73)\r\n\tat org.junit.platform.engine.support.hierarchical.NodeTestTask.lambda$executeRecursively$8(NodeTestTask.java:141)\r\n\tat org.junit.platform.engine.support.hierarchical.Node.around(Node.java:137)\r\n\tat org.junit.platform.engine.support.hierarchical.NodeTestTask.lambda$executeRecursively$9(NodeTestTask.java:139)\r\n\tat org.junit.platform.engine.support.hierarchical.ThrowableCollector.execute(ThrowableCollector.java:73)\r\n\tat org.junit.platform.engine.support.hierarchical.NodeTestTask.executeRecursively(NodeTestTask.java:138)\r\n\tat org.junit.platform.engine.support.hierarchical.NodeTestTask.execute(NodeTestTask.java:95)\r\n\tat java.base/java.util.ArrayList.forEach(ArrayList.java:1604)\r\n\tat org.junit.platform.engine.support.hierarchical.SameThreadHierarchicalTestExecutorService.invokeAll(SameThreadHierarchicalTestExecutorService.java:41)\r\n\tat org.junit.platform.engine.support.hierarchical.NodeTestTask.lambda$executeRecursively$6(NodeTestTask.java:155)\r\n\tat org.junit.platform.engine.support.hierarchical.ThrowableCollector.execute(ThrowableCollector.java:73)\r\n\tat org.junit.platform.engine.support.hierarchical.NodeTestTask.lambda$executeRecursively$8(NodeTestTask.java:141)\r\n\tat org.junit.platform.engine.support.hierarchical.Node.around(Node.java:137)\r\n\tat org.junit.platform.engine.support.hierarchical.NodeTestTask.lambda$executeRecursively$9(NodeTestTask.java:139)\r\n\tat org.junit.platform.engine.support.hierarchical.ThrowableCollector.execute(ThrowableCollector.java:73)\r\n\tat org.junit.platform.engine.support.hierarchical.NodeTestTask.executeRecursively(NodeTestTask.java:138)\r\n\tat org.junit.platform.engine.support.hierarchical.NodeTestTask.execute(NodeTestTask.java:95)\r\n\tat org.junit.platform.engine.support.hierarchical.SameThreadHierarchicalTestExecutorService.submit(SameThreadHierarchicalTestExecutorService.java:35)\r\n\tat org.junit.platform.engine.support.hierarchical.HierarchicalTestExecutor.execute(HierarchicalTestExecutor.java:57)\r\n\tat org.junit.platform.engine.support.hierarchical.HierarchicalTestEngine.execute(HierarchicalTestEngine.java:54)\r\n\tat org.junit.platform.launcher.core.EngineExecutionOrchestrator.execute(EngineExecutionOrchestrator.java:147)\r\n\tat org.junit.platform.launcher.core.EngineExecutionOrchestrator.execute(EngineExecutionOrchestrator.java:127)\r\n\tat org.junit.platform.launcher.core.EngineExecutionOrchestrator.execute(EngineExecutionOrchestrator.java:90)\r\n\tat org.junit.platform.launcher.core.EngineExecutionOrchestrator.lambda$execute$0(EngineExecutionOrchestrator.java:55)\r\n\tat org.junit.platform.launcher.core.EngineExecutionOrchestrator.withInterceptedStreams(EngineExecutionOrchestrator.java:102)\r\n\tat org.junit.platform.launcher.core.EngineExecutionOrchestrator.execute(EngineExecutionOrchestrator.java:54)\r\n\tat org.junit.platform.launcher.core.DefaultLauncher.execute(DefaultLauncher.java:114)\r\n\tat org.junit.platform.launcher.core.DefaultLauncher.execute(DefaultLauncher.java:86)\r\n\tat org.junit.platform.launcher.core.DefaultLauncherSession$DelegatingLauncher.execute(DefaultLauncherSession.java:86)\r\n\tat org.apache.maven.surefire.junitplatform.LauncherAdapter.executeWithoutCancellationToken(LauncherAdapter.java:60)\r\n\tat org.apache.maven.surefire.junitplatform.LauncherAdapter.execute(LauncherAdapter.java:52)\r\n\tat org.apache.maven.surefire.junitplatform.JUnitPlatformProvider.execute(JUnitPlatformProvider.java:203)\r\n\tat org.apache.maven.surefire.junitplatform.JUnitPlatformProvider.invokeAllTests(JUnitPlatformProvider.java:168)\r\n\tat org.apache.maven.surefire.junitplatform.JUnitPlatformProvider.invoke(JUnitPlatformProvider.java:136)\r\n\tat org.apache.maven.surefire.booter.ForkedBooter.runSuitesInProcess(ForkedBooter.java:385)\r\n\tat org.apache.maven.surefire.booter.ForkedBooter.execute(ForkedBooter.java:162)\r\n\tat org.apache.maven.surefire.booter.ForkedBooter.run(ForkedBooter.java:507)\r\n\tat org.apache.maven.surefire.booter.ForkedBooter.main(ForkedBooter.java:495)\r\n\tSuppressed: java.lang.NullPointerException: Cannot invoke \"java.util.Set.forEach(java.util.function.Consumer)\" because the return value of \"org.junit.jupiter.api.extension.ExtensionContext$Store.remove(Object, java.lang.Class)\" is null\r\n\t\tat org.mockito.junit.jupiter.MockitoExtension.afterEach(MockitoExtension.java:190)\r\n\t\tat org.junit.jupiter.engine.descriptor.TestMethodTestDescriptor.lambda$invokeAfterEachCallbacks$12(TestMethodTestDescriptor.java:261)\r\n\t\tat org.junit.jupiter.engine.descriptor.TestMethodTestDescriptor.lambda$invokeAllAfterMethodsOrCallbacks$13(TestMethodTestDescriptor.java:277)\r\n\t\tat org.junit.platform.engine.support.hierarchical.ThrowableCollector.execute(ThrowableCollector.java:73)\r\n\t\tat org.junit.jupiter.engine.descriptor.TestMethodTestDescriptor.lambda$invokeAllAfterMethodsOrCallbacks$14(TestMethodTestDescriptor.java:277)\r\n\t\tat org.junit.platform.commons.util.CollectionUtils.forEachInReverseOrder(CollectionUtils.java:217)\r\n\t\tat org.junit.jupiter.engine.descriptor.TestMethodTestDescriptor.invokeAllAfterMethodsOrCallbacks(TestMethodTestDescriptor.java:276)\r\n\t\tat org.junit.jupiter.engine.descriptor.TestMethodTestDescriptor.invokeAfterEachCallbacks(TestMethodTestDescriptor.java:260)\r\n\t\tat org.junit.jupiter.engine.descriptor.TestMethodTestDescriptor.execute(TestMethodTestDescriptor.java:145)\r\n\t\t... 50 more\r\nCaused by: org.mockito.exceptions.base.MockitoException: Could not modify all classes [class java.lang.Object, class com.revature.repository.DatabaseConnection]\r\n\tat net.bytebuddy.TypeCache.findOrInsert(TypeCache.java:168)\r\n\tat net.bytebuddy.TypeCache$WithInlineExpunction.findOrInsert(TypeCache.java:399)\r\n\tat net.bytebuddy.TypeCache.findOrInsert(TypeCache.java:190)\r\n\tat net.bytebuddy.TypeCache$WithInlineExpunction.findOrInsert(TypeCache.java:410)\r\n\t... 57 more\r\nCaused by: java.lang.IllegalStateException: \nByte Buddy could not instrument all classes within the mock's type hierarchy\n\nThis problem should never occur for javac-compiled classes. This problem has been observed for classes that are:\n - Compiled by older versions of scalac\n - Classes that are part of the Android distribution\r\n\tat org.mockito.internal.creation.bytebuddy.InlineBytecodeGenerator.triggerRetransformation(InlineBytecodeGenerator.java:285)\r\n\tat org.mockito.internal.creation.bytebuddy.InlineBytecodeGenerator.mockClass(InlineBytecodeGenerator.java:218)\r\n\tat org.mockito.internal.creation.bytebuddy.TypeCachingBytecodeGenerator.lambda$mockClass$0(TypeCachingBytecodeGenerator.java:78)\r\n\tat net.bytebuddy.TypeCache.findOrInsert(TypeCache.java:168)\r\n\tat net.bytebuddy.TypeCache$WithInlineExpunction.findOrInsert(TypeCache.java:399)\r\n\tat net.bytebuddy.TypeCache.findOrInsert(TypeCache.java:190)\r\n\tat net.bytebuddy.TypeCache$WithInlineExpunction.findOrInsert(TypeCache.java:410)\r\n\tat org.mockito.internal.creation.bytebuddy.TypeCachingBytecodeGenerator.mockClass(TypeCachingBytecodeGenerator.java:75)\r\n\tat org.mockito.internal.creation.bytebuddy.InlineDelegateByteBuddyMockMaker.createMockType(InlineDelegateByteBuddyMockMaker.java:412)\r\n\tat org.mockito.internal.creation.bytebuddy.InlineDelegateByteBuddyMockMaker.doCreateMock(InlineDelegateByteBuddyMockMaker.java:371)\r\n\tat org.mockito.internal.creation.bytebuddy.InlineDelegateByteBuddyMockMaker.createMock(InlineDelegateByteBuddyMockMaker.java:350)\r\n\tat org.mockito.internal.creation.bytebuddy.InlineByteBuddyMockMaker.createMock(InlineByteBuddyMockMaker.java:56)\r\n\tat org.mockito.internal.util.MockUtil.createMock(MockUtil.java:99)\r\n\tat org.mockito.internal.MockitoCore.mock(MockitoCore.java:88)\r\n\tat org.mockito.Mockito.mock(Mockito.java:2101)\r\n\tat org.mockito.internal.configuration.MockAnnotationProcessor.processAnnotationForMock(MockAnnotationProcessor.java:79)\r\n\tat org.mockito.internal.configuration.MockAnnotationProcessor.process(MockAnnotationProcessor.java:28)\r\n\tat org.mockito.internal.configuration.MockAnnotationProcessor.process(MockAnnotationProcessor.java:25)\r\n\tat org.mockito.internal.configuration.IndependentAnnotationEngine.createMockFor(IndependentAnnotationEngine.java:44)\r\n\tat org.mockito.internal.configuration.IndependentAnnotationEngine.process(IndependentAnnotationEngine.java:72)\r\n\tat org.mockito.internal.configuration.InjectingAnnotationEngine.processIndependentAnnotations(InjectingAnnotationEngine.java:62)\r\n\tat org.mockito.internal.configuration.InjectingAnnotationEngine.process(InjectingAnnotationEngine.java:47)\r\n\tat org.mockito.MockitoAnnotations.openMocks(MockitoAnnotations.java:81)\r\n\tat org.mockito.internal.framework.DefaultMockitoSession.<init>(DefaultMockitoSession.java:43)\r\n\tat org.mockito.internal.session.DefaultMockitoSessionBuilder.startMocking(DefaultMockitoSessionBuilder.java:83)\r\n\t... 57 more\r\nCaused by: java.lang.IllegalArgumentException: Java 25 (69) is not supported by the current version of Byte Buddy which officially supports Java 22 (66) - update Byte Buddy or set net.bytebuddy.experimental as a VM property\r\n\tat net.bytebuddy.utility.OpenedClassReader.of(OpenedClassReader.java:100)\r\n\tat net.bytebuddy.dynamic.scaffold.TypeWriter$Default$ForInlining.create(TypeWriter.java:4011)\r\n\tat net.bytebuddy.dynamic.scaffold.TypeWriter$Default.make(TypeWriter.java:2224)\r\n\tat net.bytebuddy.dynamic.DynamicType$Builder$AbstractBase$UsingTypeWriter.make(DynamicType.java:4055)\r\n\tat net.bytebuddy.dynamic.DynamicType$Builder$AbstractBase.make(DynamicType.java:3739)\r\n\tat org.mockito.internal.creation.bytebuddy.InlineBytecodeGenerator.transform(InlineBytecodeGenerator.java:402)\r\n\tat java.instrument/java.lang.instrument.ClassFileTransformer.transform(ClassFileTransformer.java:257)\r\n\tat java.instrument/sun.instrument.TransformerManager.transform(TransformerManager.java:188)\r\n\tat java.instrument/sun.instrument.InstrumentationImpl.transform(InstrumentationImpl.java:594)\r\n\tat java.instrument/sun.instrument.InstrumentationImpl.retransformClasses0(Native Method)\r\n\tat java.instrument/sun.instrument.InstrumentationImpl.retransformClasses(InstrumentationImpl.java:221)\r\n\tat org.mockito.internal.creation.bytebuddy.InlineBytecodeGenerator.triggerRetransformation(InlineBytecodeGenerator.java:281)\r\n\t... 81 more\r\n"},"stage":"finished","description":"","steps":[],"attachments":[],"parameters":[],"start":1766460753250,"stop":1766460753344}